<?xml version="1.0" encoding="UTF-8"?>
<testsuite name="io.log2jv.MessageFormatterTest" tests="6" skipped="0" failures="0" errors="0" timestamp="2026-09-05T09:17:27.565Z" hostname="KDFX-PC" time="0.236">
  <properties/>
  <testcase name="supportsDollarLiteral()" classname="io.log2jv.MessageFormatterTest" time="0.028"/>
  <testcase name="handlesNullAndPlainText()" classname="io.log2jv.MessageFormatterTest" time="0.009"/>
  <testcase name="rejectsTooManyArguments()" classname="io.log2jv.MessageFormatterTest" time="0.014"/>
  <testcase name="formatsPlaceholders()" classname="io.log2jv.MessageFormatterTest" time="0.006"/>
  <testcase name="rejectsTooFewArguments()" classname="io.log2jv.MessageFormatterTest" time="0.004"/>
  <testcase name="handlesNestedArrays()" classname="io.log2jv.MessageFormatterTest" time="0.002"/>
  <system-out><![CDATA[]]></system-out>
  <system-err><![CDATA[]]></system-err>
</testsuite>
