<?xml version="1.0" encoding="UTF-8"?>
<testsuite name="io.log2jv.PatternFormatterTest" tests="4" skipped="0" failures="0" errors="0" timestamp="2026-09-05T09:17:27.803Z" hostname="KDFX-PC" time="0.988">
  <properties/>
  <testcase name="levelThresholdWorksCorrectly()" classname="io.log2jv.PatternFormatterTest" time="0.002"/>
  <testcase name="appendsStackTraceWhenThrowablePresent()" classname="io.log2jv.PatternFormatterTest" time="0.234"/>
  <testcase name="formatsBasicTokens()" classname="io.log2jv.PatternFormatterTest" time="0.003"/>
  <testcase name="formatsDateToken()" classname="io.log2jv.PatternFormatterTest" time="0.741"/>
  <system-out><![CDATA[]]></system-out>
  <system-err><![CDATA[]]></system-err>
</testsuite>
